This file contains any messages produced by compilers while
running configure, to aid debugging if configure makes a mistake.

It was created by configure, which was
generated by GNU Autoconf 2.72.  Invocation command line was

  $ ./configure

## --------- ##
## Platform. ##
## --------- ##

hostname = liyuanquandeMacBook-Pro-2.local
uname -m = arm64
uname -r = 21.2.0
uname -s = Darwin
uname -v = Darwin Kernel Version 21.2.0: Sun Nov 28 20:28:41 PST 2021; root:xnu-8019.61.5~1/RELEASE_ARM64_T6000

/usr/bin/uname -p = arm
/bin/uname -X     = unknown

/bin/arch              = unknown
/usr/bin/arch -k       = unknown
/usr/convex/getsysinfo = unknown
/usr/bin/hostinfo      = Mach kernel version:
	 Darwin Kernel Version 21.2.0: Sun Nov 28 20:28:41 PST 2021; root:xnu-8019.61.5~1/RELEASE_ARM64_T6000
Kernel configured for up to 8 processors.
8 processors are physically available.
8 processors are logically available.
Processor type: arm64e (ARM64E)
Processors active: 0 1 2 3 4 5 6 7
Primary memory available: 16.00 gigabytes
Default processor set: 511 tasks, 4310 threads, 8 processors
Load average: 4.23, Mach factor: 4.40
/bin/machine           = unknown
/usr/bin/oslevel       = unknown
/bin/universe          = unknown

PATH: /Users/liyuanquan/.codeium/windsurf/bin/
PATH: /opt/homebrew/opt/go@1.22/bin/
PATH: /opt/homebrew/opt/go@1.21/bin/
PATH: /opt/homebrew/opt/mongodb-community@5.0/bin/
PATH: /Users/liyuanquan/.krew/bin/
PATH: /opt/homebrew/bin/
PATH: /opt/homebrew/opt/coreutils/libexec/gnubin/
PATH: /opt/homebrew/opt/findutils/libexec/gnubin/
PATH: /opt/homebrew/opt/node@16/bin/
PATH: /Users/liyuanquan/go/bin/
PATH: /opt/homebrew/opt/mongodb-community@3.6/bin/
PATH: /opt/homebrew/opt/redis@6.2/bin/
PATH: /opt/homebrew/bin/
PATH: /usr/local/bin/
PATH: /usr/bin/
PATH: /bin/
PATH: /usr/sbin/
PATH: /sbin/
PATH: /Users/liyuanquan/.cargo/bin/
PATH: /Applications/Visual Studio Code.app/Contents/Resources/app/bin/
PATH: /opt/homebrew/Cellar/mtr/0.95/sbin/
PATH: /Applications/Wireshark.app/Contents/MacOS/
PATH: /opt/homebrew/Cellar/sdl2/2.28.1/bin/
PATH: /Users/liyuanquan/.scripts/
PATH: /Users/liyuanquan/workspace/dotfiles/scripts/
PATH: /opt/homebrew/Cellar/imagemagick/7.1.1-43/bin/
PATH: /Users/liyuanquan/.local/bin/


## ----------- ##
## Core tests. ##
## ----------- ##

configure:2244: looking for aux files: install-sh config.guess config.sub
configure:2257:  trying ./
configure:2268:   ./install-sh found
configure:2286:   ./config.guess found
configure:2286:   ./config.sub found
configure:2405: checking build system type
configure:2421: result: arm-apple-darwin21.2.0
configure:2441: checking host system type
configure:2456: result: arm-apple-darwin21.2.0
configure:2497: checking for a BSD-compatible install
configure:2571: result: /opt/homebrew/bin/ginstall -c
configure:2582: checking whether build environment is sane
configure:2619: result: yes
configure:2631: checking whether make sets $(MAKE)
configure:2655: result: yes
configure:2681: checking for working aclocal-1.4
configure:2692: result: missing
configure:2696: checking for working autoconf
configure:2703: result: found
configure:2711: checking for working automake-1.4
configure:2722: result: missing
configure:2726: checking for working autoheader
configure:2733: result: found
configure:2741: checking for working makeinfo
configure:2748: result: found
configure:2820: checking for gcc
configure:2841: found /usr/bin/gcc
configure:2853: result: gcc
configure:3212: checking for C compiler version
configure:3221: gcc --version >&5
Apple clang version 13.0.0 (clang-1300.0.27.3)
Target: arm64-apple-darwin21.2.0
Thread model: posix
InstalledDir: /Library/Developer/CommandLineTools/usr/bin
Configured with: --prefix=/Library/Developer/CommandLineTools/usr --with-gxx-include-dir=/Library/Developer/CommandLineTools/SDKs/MacOSX12.1.sdk/usr/include/c++/4.2.1
configure:3232: $? = 0
configure:3221: gcc -v >&5
Configured with: --prefix=/Library/Developer/CommandLineTools/usr --with-gxx-include-dir=/Library/Developer/CommandLineTools/SDKs/MacOSX12.1.sdk/usr/include/c++/4.2.1
Apple clang version 13.0.0 (clang-1300.0.27.3)
Target: arm64-apple-darwin21.2.0
Thread model: posix
InstalledDir: /Library/Developer/CommandLineTools/usr/bin
configure:3232: $? = 0
configure:3221: gcc -V >&5
clang: error: argument to '-V' is missing (expected 1 value)
clang: error: no input files
configure:3232: $? = 1
configure:3221: gcc -qversion >&5
clang: error: unknown argument '-qversion'; did you mean '--version'?
clang: error: no input files
configure:3232: $? = 1
configure:3221: gcc -version >&5
clang: error: unknown argument '-version'; did you mean '--version'?
clang: error: no input files
configure:3232: $? = 1
configure:3252: checking whether the C compiler works
configure:3274: gcc  -I/opt/homebrew/opt/libiconv/include -L/opt/homebrew/opt/libiconv/lib conftest.c  >&5
configure:3278: $? = 0
configure:3329: result: yes
configure:3333: checking for C compiler default output file name
configure:3335: result: a.out
configure:3341: checking for suffix of executables
configure:3348: gcc -o conftest  -I/opt/homebrew/opt/libiconv/include -L/opt/homebrew/opt/libiconv/lib conftest.c  >&5
configure:3352: $? = 0
configure:3376: result: 
configure:3400: checking whether we are cross compiling
configure:3408: gcc -o conftest  -I/opt/homebrew/opt/libiconv/include -L/opt/homebrew/opt/libiconv/lib conftest.c  >&5
configure:3412: $? = 0
configure:3419: ./conftest
configure:3423: $? = 0
configure:3438: result: no
configure:3444: checking for suffix of object files
configure:3467: gcc -c  -I/opt/homebrew/opt/libiconv/include conftest.c >&5
configure:3471: $? = 0
configure:3495: result: o
configure:3499: checking whether the compiler supports GNU C
configure:3519: gcc -c  -I/opt/homebrew/opt/libiconv/include conftest.c >&5
configure:3519: $? = 0
configure:3531: result: yes
configure:3542: checking whether gcc accepts -g
configure:3563: gcc -c -g -I/opt/homebrew/opt/libiconv/include conftest.c >&5
configure:3563: $? = 0
configure:3610: result: yes
configure:3630: checking for gcc option to enable C11 features
configure:3645: gcc  -c -g -O2 -I/opt/homebrew/opt/libiconv/include conftest.c >&5
configure:3645: $? = 0
configure:3664: result: none needed
configure:3787: checking for stdio.h
configure:3787: gcc -c -g -O2 -I/opt/homebrew/opt/libiconv/include conftest.c >&5
configure:3787: $? = 0
configure:3787: result: yes
configure:3787: checking for stdlib.h
configure:3787: gcc -c -g -O2 -I/opt/homebrew/opt/libiconv/include conftest.c >&5
configure:3787: $? = 0
configure:3787: result: yes
configure:3787: checking for string.h
configure:3787: gcc -c -g -O2 -I/opt/homebrew/opt/libiconv/include conftest.c >&5
configure:3787: $? = 0
configure:3787: result: yes
configure:3787: checking for inttypes.h
configure:3787: gcc -c -g -O2 -I/opt/homebrew/opt/libiconv/include conftest.c >&5
configure:3787: $? = 0
configure:3787: result: yes
configure:3787: checking for stdint.h
configure:3787: gcc -c -g -O2 -I/opt/homebrew/opt/libiconv/include conftest.c >&5
configure:3787: $? = 0
configure:3787: result: yes
configure:3787: checking for strings.h
configure:3787: gcc -c -g -O2 -I/opt/homebrew/opt/libiconv/include conftest.c >&5
configure:3787: $? = 0
configure:3787: result: yes
configure:3787: checking for sys/stat.h
configure:3787: gcc -c -g -O2 -I/opt/homebrew/opt/libiconv/include conftest.c >&5
configure:3787: $? = 0
configure:3787: result: yes
configure:3787: checking for sys/types.h
configure:3787: gcc -c -g -O2 -I/opt/homebrew/opt/libiconv/include conftest.c >&5
configure:3787: $? = 0
configure:3787: result: yes
configure:3787: checking for unistd.h
configure:3787: gcc -c -g -O2 -I/opt/homebrew/opt/libiconv/include conftest.c >&5
configure:3787: $? = 0
configure:3787: result: yes
configure:3812: checking whether byte ordering is bigendian
configure:3828: gcc -c -g -O2 -I/opt/homebrew/opt/libiconv/include conftest.c >&5
configure:3828: $? = 0
configure:3874: gcc -c -g -O2 -I/opt/homebrew/opt/libiconv/include conftest.c >&5
configure:3874: $? = 0
configure:3893: gcc -c -g -O2 -I/opt/homebrew/opt/libiconv/include conftest.c >&5
conftest.c:28:4: error: use of undeclared identifier 'not'
                 not big endian
                 ^
1 error generated.
configure:3893: $? = 1
configure: failed program was:
| /* confdefs.h */
| #define PACKAGE_NAME ""
| #define PACKAGE_TARNAME ""
| #define PACKAGE_VERSION ""
| #define PACKAGE_STRING ""
| #define PACKAGE_BUGREPORT ""
| #define PACKAGE_URL ""
| #define PACKAGE "tstool"
| #define VERSION "0.1.09"
| #define HAVE_STDIO_H 1
| #define HAVE_STDLIB_H 1
| #define HAVE_STRING_H 1
| #define HAVE_INTTYPES_H 1
| #define HAVE_STDINT_H 1
| #define HAVE_STRINGS_H 1
| #define HAVE_SYS_STAT_H 1
| #define HAVE_SYS_TYPES_H 1
| #define HAVE_UNISTD_H 1
| #define STDC_HEADERS 1
| /* end confdefs.h.  */
| #include <sys/types.h>
| 		#include <sys/param.h>
| 
| int
| main (void)
| {
| #if BYTE_ORDER != BIG_ENDIAN
| 		 not big endian
| 		#endif
| 
|   ;
|   return 0;
| }
configure:4034: result: no
configure:4106: checking for gcc
configure:4139: result: gcc
configure:4498: checking for C compiler version
configure:4507: gcc --version >&5
Apple clang version 13.0.0 (clang-1300.0.27.3)
Target: arm64-apple-darwin21.2.0
Thread model: posix
InstalledDir: /Library/Developer/CommandLineTools/usr/bin
Configured with: --prefix=/Library/Developer/CommandLineTools/usr --with-gxx-include-dir=/Library/Developer/CommandLineTools/SDKs/MacOSX12.1.sdk/usr/include/c++/4.2.1
configure:4518: $? = 0
configure:4507: gcc -v >&5
Configured with: --prefix=/Library/Developer/CommandLineTools/usr --with-gxx-include-dir=/Library/Developer/CommandLineTools/SDKs/MacOSX12.1.sdk/usr/include/c++/4.2.1
Apple clang version 13.0.0 (clang-1300.0.27.3)
Target: arm64-apple-darwin21.2.0
Thread model: posix
InstalledDir: /Library/Developer/CommandLineTools/usr/bin
configure:4518: $? = 0
configure:4507: gcc -V >&5
clang: error: argument to '-V' is missing (expected 1 value)
clang: error: no input files
configure:4518: $? = 1
configure:4507: gcc -qversion >&5
clang: error: unknown argument '-qversion'; did you mean '--version'?
clang: error: no input files
configure:4518: $? = 1
configure:4507: gcc -version >&5
clang: error: unknown argument '-version'; did you mean '--version'?
clang: error: no input files
configure:4518: $? = 1
configure:4522: checking whether the compiler supports GNU C
configure:4554: result: yes
configure:4565: checking whether gcc accepts -g
configure:4633: result: yes
configure:4653: checking for gcc option to enable C11 features
configure:4687: result: none needed
configure:4805: checking for grep that handles long lines and -e
configure:4871: result: /usr/bin/grep
configure:4879: checking for egrep
configure:4949: result: /usr/bin/grep -E
configure:5006: checking for ranlib
configure:5027: found /usr/bin/ranlib
configure:5039: result: ranlib
configure:5178: creating ./config.status

## ---------------------- ##
## Running config.status. ##
## ---------------------- ##

This file was extended by config.status, which was
generated by GNU Autoconf 2.72.  Invocation command line was

  CONFIG_FILES    = 
  CONFIG_HEADERS  = 
  CONFIG_LINKS    = 
  CONFIG_COMMANDS = 
  $ ./config.status 

on liyuanquandeMacBook-Pro-2.local

config.status:830: creating Makefile
config.status:933: WARNING:  'Makefile.in' seems to ignore the --datarootdir setting
config.status:830: creating doc/Makefile
config.status:933: WARNING:  'doc/Makefile.in' seems to ignore the --datarootdir setting
config.status:830: creating m4/Makefile
config.status:933: WARNING:  'm4/Makefile.in' seems to ignore the --datarootdir setting
config.status:830: creating src/Makefile
config.status:933: WARNING:  'src/Makefile.in' seems to ignore the --datarootdir setting
config.status:830: creating config.h
config.status:1019: executing default-1 commands

## ---------------- ##
## Cache variables. ##
## ---------------- ##

ac_cv_build=arm-apple-darwin21.2.0
ac_cv_c_bigendian=no
ac_cv_c_compiler_gnu=yes
ac_cv_env_CC_set=
ac_cv_env_CC_value=
ac_cv_env_CFLAGS_set=
ac_cv_env_CFLAGS_value=
ac_cv_env_CPPFLAGS_set=set
ac_cv_env_CPPFLAGS_value=-I/opt/homebrew/opt/libiconv/include
ac_cv_env_LDFLAGS_set=set
ac_cv_env_LDFLAGS_value=-L/opt/homebrew/opt/libiconv/lib
ac_cv_env_LIBS_set=
ac_cv_env_LIBS_value=
ac_cv_env_build_alias_set=
ac_cv_env_build_alias_value=
ac_cv_env_host_alias_set=
ac_cv_env_host_alias_value=
ac_cv_env_target_alias_set=
ac_cv_env_target_alias_value=
ac_cv_header_inttypes_h=yes
ac_cv_header_stdint_h=yes
ac_cv_header_stdio_h=yes
ac_cv_header_stdlib_h=yes
ac_cv_header_string_h=yes
ac_cv_header_strings_h=yes
ac_cv_header_sys_stat_h=yes
ac_cv_header_sys_types_h=yes
ac_cv_header_unistd_h=yes
ac_cv_host=arm-apple-darwin21.2.0
ac_cv_objext=o
ac_cv_path_EGREP='/usr/bin/grep -E'
ac_cv_path_EGREP_TRADITIONAL='/usr/bin/grep -E'
ac_cv_path_GREP=/usr/bin/grep
ac_cv_path_install='/opt/homebrew/bin/ginstall -c'
ac_cv_prog_ac_ct_CC=gcc
ac_cv_prog_ac_ct_RANLIB=ranlib
ac_cv_prog_cc_c11=
ac_cv_prog_cc_g=yes
ac_cv_prog_cc_stdc=
ac_cv_prog_make_make_set=yes

## ----------------- ##
## Output variables. ##
## ----------------- ##

ACLOCAL='/Users/liyuanquan/workspace/tstool/missing aclocal-1.4'
AUTOCONF='autoconf'
AUTOHEADER='autoheader'
AUTOMAKE='/Users/liyuanquan/workspace/tstool/missing automake-1.4'
CC='gcc'
CFLAGS='-g -O2'
CPPFLAGS='-I/opt/homebrew/opt/libiconv/include'
DEFS='-DHAVE_CONFIG_H'
ECHO_C='\c'
ECHO_N=''
ECHO_T=''
EGREP='/usr/bin/grep -E'
EXEEXT=''
GREP='/usr/bin/grep'
INSTALL_DATA='${INSTALL} -m 644'
INSTALL_PROGRAM='${INSTALL}'
INSTALL_SCRIPT='${INSTALL}'
LDFLAGS='-L/opt/homebrew/opt/libiconv/lib'
LIBOBJS=''
LIBS=''
LTLIBOBJS=''
MAKEINFO='makeinfo'
OBJEXT='o'
PACKAGE='tstool'
PACKAGE_BUGREPORT=''
PACKAGE_NAME=''
PACKAGE_STRING=''
PACKAGE_TARNAME=''
PACKAGE_URL=''
PACKAGE_VERSION=''
PATH_SEPARATOR=':'
RANLIB='ranlib'
SET_MAKE=''
SHELL='/bin/sh'
VERSION='0.1.09'
ac_ct_CC='gcc'
bindir='${exec_prefix}/bin'
build='arm-apple-darwin21.2.0'
build_alias=''
build_cpu='arm'
build_os='darwin21.2.0'
build_vendor='apple'
datadir='${datarootdir}'
datarootdir='${prefix}/share'
docdir='${datarootdir}/doc/${PACKAGE}'
dvidir='${docdir}'
exec_prefix='${prefix}'
host='arm-apple-darwin21.2.0'
host_alias=''
host_cpu='arm'
host_os='darwin21.2.0'
host_vendor='apple'
htmldir='${docdir}'
includedir='${prefix}/include'
infodir='${datarootdir}/info'
libdir='${exec_prefix}/lib'
libexecdir='${exec_prefix}/libexec'
localedir='${datarootdir}/locale'
localstatedir='${prefix}/var'
mandir='${datarootdir}/man'
oldincludedir='/usr/include'
pdfdir='${docdir}'
prefix='/usr/local'
program_transform_name='s,x,x,'
psdir='${docdir}'
runstatedir='${localstatedir}/run'
sbindir='${exec_prefix}/sbin'
sharedstatedir='${prefix}/com'
sysconfdir='${prefix}/etc'
target_alias=''

## ----------- ##
## confdefs.h. ##
## ----------- ##

/* confdefs.h */
#define PACKAGE_NAME ""
#define PACKAGE_TARNAME ""
#define PACKAGE_VERSION ""
#define PACKAGE_STRING ""
#define PACKAGE_BUGREPORT ""
#define PACKAGE_URL ""
#define PACKAGE "tstool"
#define VERSION "0.1.09"
#define HAVE_STDIO_H 1
#define HAVE_STDLIB_H 1
#define HAVE_STRING_H 1
#define HAVE_INTTYPES_H 1
#define HAVE_STDINT_H 1
#define HAVE_STRINGS_H 1
#define HAVE_SYS_STAT_H 1
#define HAVE_SYS_TYPES_H 1
#define HAVE_UNISTD_H 1
#define STDC_HEADERS 1

configure: exit 0
